事件代码: 3005
事件消息: 发生了未经处理的异常。
事件时间: 2014/2/21 14:33:00
事件时间(UTC): 2014/2/21 6:33:00
事件 ID: c6a0e6aa162441b48dc1a4f77f3ff6e5
事件序列: 1017
事件匹配项: 2
事件详细信息代码: 0

应用程序信息:
    应用程序域: /LM/W3SVC/28/ROOT-2-130374371069664388
    信任级别: Full
    应用程序虚拟路径: /
    应用程序路径: E:\Projects\Yardi\NewCommerce\Kooboo.Commerce.Web\
    计算机名称: SYM-PC

进程信息:
    进程 ID: 3224
    进程名: iisexpress.exe
    帐户名: SYM-PC\Mouhong

异常信息:
    异常类型: System.Web.HttpException
    异常消息: 从客户端(&)中检测到有潜在危险的 Request.Path 值。

请求信息:
    请求 URL: http://localhost:63739/Commerce/undefined&Name=Sample
    请求路径: /Commerce/undefined&Name=Sample
    用户主机地址: ::1
    用户: 
    通过身份验证: False
    身份验证类型: 
    线程帐户名: SYM-PC\Mouhong

线程信息:
    线程 ID: 14
    线程帐户名: SYM-PC\Mouhong
    正在模拟: False
    堆栈跟踪:    在 System.Web.HttpRequest.ValidateInputIfRequiredByConfig()
   在 System.Web.HttpApplication.PipelineStepManager.ValidateHelper(HttpContext context)

--------------------------------------------------------------------------------------------------------
事件代码: 3005
事件消息: 发生了未经处理的异常。
事件时间: 2014/2/21 14:33:41
事件时间(UTC): 2014/2/21 6:33:41
事件 ID: 8039d9517375432fa75415b7253047dc
事件序列: 1212
事件匹配项: 3
事件详细信息代码: 0

应用程序信息:
    应用程序域: /LM/W3SVC/28/ROOT-2-130374371069664388
    信任级别: Full
    应用程序虚拟路径: /
    应用程序路径: E:\Projects\Yardi\NewCommerce\Kooboo.Commerce.Web\
    计算机名称: SYM-PC

进程信息:
    进程 ID: 3224
    进程名: iisexpress.exe
    帐户名: SYM-PC\Mouhong

异常信息:
    异常类型: System.Web.HttpException
    异常消息: 从客户端(&)中检测到有潜在危险的 Request.Path 值。

请求信息:
    请求 URL: http://localhost:63739/Commerce/CommerceInstance/Edit&Name=Sample
    请求路径: /Commerce/CommerceInstance/Edit&Name=Sample
    用户主机地址: ::1
    用户: 
    通过身份验证: False
    身份验证类型: 
    线程帐户名: SYM-PC\Mouhong

线程信息:
    线程 ID: 15
    线程帐户名: SYM-PC\Mouhong
    正在模拟: False
    堆栈跟踪:    在 System.Web.HttpRequest.ValidateInputIfRequiredByConfig()
   在 System.Web.HttpApplication.PipelineStepManager.ValidateHelper(HttpContext context)

--------------------------------------------------------------------------------------------------------
