事件代码: 3008
事件消息: 发生了配置错误。
事件时间: 2014/1/13 13:32:02
事件时间(UTC): 2014/1/13 5:32:02
事件 ID: a6812f863947468f858dda39271e6c64
事件序列: 4
事件匹配项: 1
事件详细信息代码: 0

应用程序信息:
    应用程序域: /LM/W3SVC/28/ROOT-24-130340647144997904
    信任级别: Full
    应用程序虚拟路径: /
    应用程序路径: E:\Projects\Yardi\NewCommerce\Kooboo.Commerce.Web\
    计算机名称: SYM-PC

进程信息:
    进程 ID: 8408
    进程名: iisexpress.exe
    帐户名: SYM-PC\Mouhong

异常信息:
    异常类型: System.Web.HttpException
    异常消息: “Kooboo.Web.Mvc.WebResourceLoader.ConfigurationManager”的类型初始值设定项引发异常。

内部异常信息(级别 1):
    异常类型: System.TypeInitializationException
    异常消息: “Kooboo.Web.Mvc.WebResourceLoader.ConfigurationManager”的类型初始值设定项引发异常。

内部异常信息(级别 2):
    异常类型: System.Configuration.ConfigurationErrorsException
    异常消息: 无法打开 configSource 文件“WebResources.config”。 (E:\Projects\Yardi\NewCommerce\Kooboo.Commerce.Web\web.config line 23)

请求信息:
    请求 URL: http://localhost:63739/9d8b831778034cc5ac61d1b6f2ec393f/arterySignalR/ping?requestUrl=http%3A%2F%2Flocalhost%3A63739%2FCommerce%2FPromotion%2FEdit%2F3%3Freturn%3D%252FCommerce%252FPromotion&browserName=Chrome&_=1389591114482
    请求路径: /9d8b831778034cc5ac61d1b6f2ec393f/arterySignalR/ping
    用户主机地址: ::1
    用户: 
    通过身份验证: False
    身份验证类型: 
    线程帐户名: SYM-PC\Mouhong

线程信息:
    线程 ID: 11
    线程帐户名: SYM-PC\Mouhong
    正在模拟: False
    堆栈跟踪:    在 System.Web.HttpApplicationFactory.EnsureAppStartCalledForIntegratedMode(HttpContext context, HttpApplication app)
   在 System.Web.HttpApplication.RegisterEventSubscriptionsWithIIS(IntPtr appContext, HttpContext context, MethodInfo[] handlers)
   在 System.Web.HttpApplication.InitSpecial(HttpApplicationState state, MethodInfo[] handlers, IntPtr appContext, HttpContext context)
   在 System.Web.HttpApplicationFactory.GetSpecialApplicationInstance(IntPtr appContext, HttpContext context)
   在 System.Web.Hosting.PipelineRuntime.InitializeApplication(IntPtr appContext)

--------------------------------------------------------------------------------------------------------
