事件代码: 3005
事件消息: 发生了未经处理的异常。
事件时间: 2014/2/11 17:45:08
事件时间(UTC): 2014/2/11 9:45:08
事件 ID: 3abfe916858d435b92132541a3c153c1
事件序列: 2
事件匹配项: 1
事件详细信息代码: 0

应用程序信息:
    应用程序域: /LM/W3SVC/28/ROOT-3-130365855067573962
    信任级别: Full
    应用程序虚拟路径: /
    应用程序路径: E:\Projects\Yardi\NewCommerce\Kooboo.Commerce.Web\
    计算机名称: SYM-PC

进程信息:
    进程 ID: 4808
    进程名: iisexpress.exe
    帐户名: SYM-PC\Mouhong

异常信息:
    异常类型: System.Web.HttpException
    异常消息: 值不能为 null。
参数名: type

内部异常信息(级别 1):
    异常类型: System.ArgumentNullException
    异常消息: 值不能为 null。
参数名: type

请求信息:
    请求 URL: http://localhost:63739/5e65974d495840a594a440d4c17c56dc/arterySignalR/ping?requestUrl=http%3A%2F%2Flocalhost%3A63739%2FCommerce%2FCommerceInstance&browserName=Chrome&_=1392111906754
    请求路径: /5e65974d495840a594a440d4c17c56dc/arterySignalR/ping
    用户主机地址: ::1
    用户: 
    通过身份验证: False
    身份验证类型: 
    线程帐户名: SYM-PC\Mouhong

线程信息:
    线程 ID: 25
    线程帐户名: SYM-PC\Mouhong
    正在模拟: False
    堆栈跟踪:    在 System.Web.HttpApplicationFactory.EnsureAppStartCalledForIntegratedMode(HttpContext context, HttpApplication app)
   在 System.Web.HttpApplication.RegisterEventSubscriptionsWithIIS(IntPtr appContext, HttpContext context, MethodInfo[] handlers)
   在 System.Web.HttpApplication.InitSpecial(HttpApplicationState state, MethodInfo[] handlers, IntPtr appContext, HttpContext context)
   在 System.Web.HttpApplicationFactory.GetSpecialApplicationInstance(IntPtr appContext, HttpContext context)
   在 System.Web.Hosting.PipelineRuntime.InitializeApplication(IntPtr appContext)

--------------------------------------------------------------------------------------------------------
